<?xml version="1.0" encoding="UTF-8"?>
<!-- Generated by org.testng.reporters.JUnitXMLReporter -->
<testsuite hostname="Avivits-MacBook-Pro.local" ignored="0" name="Web Tests" tests="8" failures="0" timestamp="2021-04-18T11:07:42 IDT" time="60.502" errors="0">
  <testcase name="test01_verifyHeader" time="5.232" classname="sanity.GrafanaWeb"/>
  <testcase name="test02_verifyDefaultUsers" time="1.399" classname="sanity.GrafanaWeb"/>
  <testcase name="test03_verifyNewUser" time="2.721" classname="sanity.GrafanaWeb"/>
  <testcase name="test04_verifyNewUserDeletion" time="3.311" classname="sanity.GrafanaWeb"/>
  <testcase name="test05_verifyProgressStep" time="0.204" classname="sanity.GrafanaWeb"/>
  <testcase name="test07_searchUsers" time="13.678" classname="sanity.GrafanaWeb"/>
  <testcase name="test07_searchUsers" time="3.163" classname="sanity.GrafanaWeb"/>
  <testcase name="test07_searchUsers" time="13.296" classname="sanity.GrafanaWeb"/>
</testsuite> <!-- Web Tests -->
